<?xml version="1.0" encoding="UTF-8"?>
<!-- Generated by org.testng.reporters.JUnitXMLReporter -->
<testsuite ignored="0" hostname="GFG19667-LAPTOP" failures="0" tests="3" name="Default test" time="0.078" errors="0" timestamp="2024-12-27T12:25:54 IST">
  <testcase classname="com.example.tests.FactoryExample" name="testConfiguration" time="0.008"/>
  <testcase classname="com.example.tests.FactoryExample" name="testConfiguration" time="0.002"/>
  <testcase classname="com.example.tests.FactoryExample" name="testConfiguration" time="0.002"/>
</testsuite> <!-- Default test -->
