<?xml version="1.0" encoding="UTF-8"?>
<!-- Generated by org.testng.reporters.JUnitXMLReporter -->
<testsuite ignored="3" hostname="GFG19667-LAPTOP" failures="0" tests="2" name="Functional and Performance Tests" time="0.019" errors="0" timestamp="2025-01-02T12:53:37 IST">
  <testcase classname="com.example.tests.TestExample" name="functionalTest" time="0.002"/>
  <testcase classname="com.example.tests.TestExample" name="performanceTest" time="0.002"/>
  <testcase classname="com.example.tests.TestExample" name="smokeTest" time="0.0">
    <ignored/>
  </testcase> <!-- smokeTest -->
  <testcase classname="com.example.tests.TestExample" name="combinedTest" time="0.0">
    <ignored/>
  </testcase> <!-- combinedTest -->
  <testcase classname="com.example.tests.TestExample" name="regressionTest" time="0.0">
    <ignored/>
  </testcase> <!-- regressionTest -->
</testsuite> <!-- Functional and Performance Tests -->
