<?xml version="1.0" encoding="UTF-8"?>
<!-- Generated by org.testng.reporters.JUnitXMLReporter -->
<testsuite ignored="1" hostname="GFG19667-LAPTOP" failures="0" tests="2" name="Regression Tests" time="0.009" errors="0" timestamp="2025-01-02T11:48:43 IST">
  <testcase classname="com.example.tests.GroupExample" name="regressionTest" time="0.001"/>
  <testcase classname="com.example.tests.GroupExample" name="smokeAndRegressionTest" time="0.002"/>
  <testcase classname="com.example.tests.GroupExample" name="smokeTest" time="0.0">
    <ignored/>
  </testcase> <!-- smokeTest -->
</testsuite> <!-- Regression Tests -->
