<?xml version="1.0" encoding="UTF-8"?>
<!-- Generated by org.testng.reporters.JUnitXMLReporter -->
<testsuite ignored="2" hostname="GFG19667-LAPTOP" failures="0" tests="3" name="Smoke and Regression Tests" time="0.092" errors="0" timestamp="2025-01-02T12:53:37 IST">
  <testcase classname="com.example.tests.TestExample" name="combinedTest" time="0.009"/>
  <testcase classname="com.example.tests.TestExample" name="smokeTest" time="0.004"/>
  <testcase classname="com.example.tests.TestExample" name="regressionTest" time="0.007"/>
  <testcase classname="com.example.tests.TestExample" name="performanceTest" time="0.0">
    <ignored/>
  </testcase> <!-- performanceTest -->
  <testcase classname="com.example.tests.TestExample" name="functionalTest" time="0.0">
    <ignored/>
  </testcase> <!-- functionalTest -->
</testsuite> <!-- Smoke and Regression Tests -->
